{"message":"can't find crate for `std`","code":{"code":"E0463","explanation":"A plugin/crate was declared but cannot be found.\n\nErroneous code example:\n\n```compile_fail,E0463\n#![feature(plugin)]\n#![plugin(cookie_monster)] // error: can't find crate for `cookie_monster`\nextern crate cake_is_a_lie; // error: can't find crate for `cake_is_a_lie`\n```\n\nYou need to link your code to the relevant crate in order to be able to use it\n(through Cargo or the `-L` option of rustc example). Plugins are crates as\nwell, and you link to them the same way.\n\n## Common causes\n\n- The crate is not present at all. If using Cargo, add it to `[dependencies]`\n  in Cargo.toml.\n- The crate is present, but under a different name. If using Cargo, look for\n  `package = ` under `[dependencies]` in Cargo.toml.\n\n## Common causes for missing `std` or `core`\n\n- You are cross-compiling for a target which doesn't have `std` prepackaged.\n  Consider one of the following:\n  + Adding a pre-compiled version of std with `rustup target add`\n  + Building std from source with `cargo build -Z build-std`\n  + Using `#![no_std]` at the crate root, so you won't need `std` in the first\n    place.\n- You are developing the compiler itself and haven't built libstd from source.\n  You can usually build it with `x.py build library/std`. More information\n  about x.py is available in the [rustc-dev-guide].\n\n[rustc-dev-guide]: https://rustc-dev-guide.rust-lang.org/building/how-to-build-and-run.html#building-the-compiler\n"},"level":"error","spans":[{"file_name":"src/main.rs","byte_start":0,"byte_end":0,"line_start":1,"line_end":1,"column_start":1,"column_end":1,"is_primary":true,"text":[],"label":"can't find crate","suggested_replacement":null,"suggestion_applicability":null,"expansion":null}],"children":[{"message":"the `riscv64gc-unknown-none-elf` target may not support the standard library","code":null,"level":"note","spans":[],"children":[],"rendered":null},{"message":"`std` is required by `os` because it does not declare `#![no_std]`","code":null,"level":"note","spans":[],"children":[],"rendered":null}],"rendered":"\u001b[0m\u001b[1m\u001b[38;5;9merror[E0463]\u001b[0m\u001b[0m\u001b[1m: can't find crate for `std`\u001b[0m\n\u001b[0m  \u001b[0m\u001b[0m\u001b[1m\u001b[38;5;12m|\u001b[0m\n\u001b[0m  \u001b[0m\u001b[0m\u001b[1m\u001b[38;5;12m= \u001b[0m\u001b[0m\u001b[1mnote\u001b[0m\u001b[0m: the `riscv64gc-unknown-none-elf` target may not support the standard library\u001b[0m\n\u001b[0m  \u001b[0m\u001b[0m\u001b[1m\u001b[38;5;12m= \u001b[0m\u001b[0m\u001b[1mnote\u001b[0m\u001b[0m: `std` is required by `os` because it does not declare `#![no_std]`\u001b[0m\n\n"}
{"message":"can't find crate for `test`","code":{"code":"E0463","explanation":"A plugin/crate was declared but cannot be found.\n\nErroneous code example:\n\n```compile_fail,E0463\n#![feature(plugin)]\n#![plugin(cookie_monster)] // error: can't find crate for `cookie_monster`\nextern crate cake_is_a_lie; // error: can't find crate for `cake_is_a_lie`\n```\n\nYou need to link your code to the relevant crate in order to be able to use it\n(through Cargo or the `-L` option of rustc example). Plugins are crates as\nwell, and you link to them the same way.\n\n## Common causes\n\n- The crate is not present at all. If using Cargo, add it to `[dependencies]`\n  in Cargo.toml.\n- The crate is present, but under a different name. If using Cargo, look for\n  `package = ` under `[dependencies]` in Cargo.toml.\n\n## Common causes for missing `std` or `core`\n\n- You are cross-compiling for a target which doesn't have `std` prepackaged.\n  Consider one of the following:\n  + Adding a pre-compiled version of std with `rustup target add`\n  + Building std from source with `cargo build -Z build-std`\n  + Using `#![no_std]` at the crate root, so you won't need `std` in the first\n    place.\n- You are developing the compiler itself and haven't built libstd from source.\n  You can usually build it with `x.py build library/std`. More information\n  about x.py is available in the [rustc-dev-guide].\n\n[rustc-dev-guide]: https://rustc-dev-guide.rust-lang.org/building/how-to-build-and-run.html#building-the-compiler\n"},"level":"error","spans":[{"file_name":"src/main.rs","byte_start":0,"byte_end":0,"line_start":1,"line_end":1,"column_start":1,"column_end":1,"is_primary":true,"text":[],"label":"can't find crate","suggested_replacement":null,"suggestion_applicability":null,"expansion":null}],"children":[],"rendered":"\u001b[0m\u001b[1m\u001b[38;5;9merror[E0463]\u001b[0m\u001b[0m\u001b[1m: can't find crate for `test`\u001b[0m\n\n"}
{"message":"`#[panic_handler]` function required, but not found","code":null,"level":"error","spans":[],"children":[],"rendered":"\u001b[0m\u001b[1m\u001b[38;5;9merror\u001b[0m\u001b[0m\u001b[1m: `#[panic_handler]` function required, but not found\u001b[0m\n\n"}
{"message":"no method named `for_each` found for struct `core::ops::Range` in the current scope","code":{"code":"E0599","explanation":"This error occurs when a method is used on a type which doesn't implement it:\n\nErroneous code example:\n\n```compile_fail,E0599\nstruct Mouth;\n\nlet x = Mouth;\nx.chocolate(); // error: no method named `chocolate` found for type `Mouth`\n               //        in the current scope\n```\n\nIn this case, you need to implement the `chocolate` method to fix the error:\n\n```\nstruct Mouth;\n\nimpl Mouth {\n    fn chocolate(&self) { // We implement the `chocolate` method here.\n        println!(\"Hmmm! I love chocolate!\");\n    }\n}\n\nlet x = Mouth;\nx.chocolate(); // ok!\n```\n"},"level":"error","spans":[{"file_name":"src/main.rs","byte_start":253,"byte_end":261,"line_start":12,"line_end":12,"column_start":36,"column_end":44,"is_primary":true,"text":[{"text":"    (sbss as usize..ebss as usize).for_each(|a| {","highlight_start":36,"highlight_end":44}],"label":"method not found in `core::ops::Range<usize>`","suggested_replacement":null,"suggestion_applicability":null,"expansion":null},{"file_name":"/home/alex/.rustup/toolchains/stable-x86_64-unknown-linux-gnu/lib/rustlib/src/rust/library/core/src/iter/traits/iterator.rs","byte_start":28499,"byte_end":28507,"line_start":821,"line_end":821,"column_start":8,"column_end":16,"is_primary":false,"text":[{"text":"    fn for_each<F>(self, f: F)","highlight_start":8,"highlight_end":16}],"label":"the method is available for `core::ops::Range<usize>` here","suggested_replacement":null,"suggestion_applicability":null,"expansion":null}],"children":[{"message":"items from traits can only be used if the trait is in scope","code":null,"level":"help","spans":[],"children":[],"rendered":null},{"message":"the following trait is implemented but not in scope; perhaps add a `use` for it:","code":null,"level":"help","spans":[{"file_name":"src/main.rs","byte_start":0,"byte_end":0,"line_start":1,"line_end":1,"column_start":1,"column_end":1,"is_primary":true,"text":[],"label":null,"suggested_replacement":"use core::iter::Iterator;\n","suggestion_applicability":"MaybeIncorrect","expansion":null}],"children":[],"rendered":null}],"rendered":"\u001b[0m\u001b[1m\u001b[38;5;9merror[E0599]\u001b[0m\u001b[0m\u001b[1m: no method named `for_each` found for struct `core::ops::Range` in the current scope\u001b[0m\n\u001b[0m   \u001b[0m\u001b[0m\u001b[1m\u001b[38;5;12m--> \u001b[0m\u001b[0msrc/main.rs:12:36\u001b[0m\n\u001b[0m    \u001b[0m\u001b[0m\u001b[1m\u001b[38;5;12m|\u001b[0m\n\u001b[0m\u001b[1m\u001b[38;5;12m12\u001b[0m\u001b[0m  \u001b[0m\u001b[0m\u001b[1m\u001b[38;5;12m|\u001b[0m\u001b[0m \u001b[0m\u001b[0m    (sbss as usize..ebss as usize).for_each(|a| {\u001b[0m\n\u001b[0m    \u001b[0m\u001b[0m\u001b[1m\u001b[38;5;12m| \u001b[0m\u001b[0m                                   \u001b[0m\u001b[0m\u001b[1m\u001b[38;5;9m^^^^^^^^\u001b[0m\u001b[0m \u001b[0m\u001b[0m\u001b[1m\u001b[38;5;9mmethod not found in `core::ops::Range<usize>`\u001b[0m\n\u001b[0m    \u001b[0m\u001b[0m\u001b[1m\u001b[38;5;12m|\u001b[0m\n\u001b[0m   \u001b[0m\u001b[0m\u001b[1m\u001b[38;5;12m::: \u001b[0m\u001b[0m/home/alex/.rustup/toolchains/stable-x86_64-unknown-linux-gnu/lib/rustlib/src/rust/library/core/src/iter/traits/iterator.rs:821:8\u001b[0m\n\u001b[0m    \u001b[0m\u001b[0m\u001b[1m\u001b[38;5;12m|\u001b[0m\n\u001b[0m\u001b[1m\u001b[38;5;12m821\u001b[0m\u001b[0m \u001b[0m\u001b[0m\u001b[1m\u001b[38;5;12m|\u001b[0m\u001b[0m \u001b[0m\u001b[0m    fn for_each<F>(self, f: F)\u001b[0m\n\u001b[0m    \u001b[0m\u001b[0m\u001b[1m\u001b[38;5;12m| \u001b[0m\u001b[0m       \u001b[0m\u001b[0m\u001b[1m\u001b[38;5;12m--------\u001b[0m\u001b[0m \u001b[0m\u001b[0m\u001b[1m\u001b[38;5;12mthe method is available for `core::ops::Range<usize>` here\u001b[0m\n\u001b[0m    \u001b[0m\u001b[0m\u001b[1m\u001b[38;5;12m|\u001b[0m\n\u001b[0m    \u001b[0m\u001b[0m\u001b[1m\u001b[38;5;12m= \u001b[0m\u001b[0m\u001b[1mhelp\u001b[0m\u001b[0m: items from traits can only be used if the trait is in scope\u001b[0m\n\u001b[0m\u001b[1m\u001b[38;5;14mhelp\u001b[0m\u001b[0m: the following trait is implemented but not in scope; perhaps add a `use` for it:\u001b[0m\n\u001b[0m    \u001b[0m\u001b[0m\u001b[1m\u001b[38;5;12m|\u001b[0m\n\u001b[0m\u001b[1m\u001b[38;5;12m1\u001b[0m\u001b[0m   \u001b[0m\u001b[0m\u001b[1m\u001b[38;5;12m| \u001b[0m\u001b[0m\u001b[38;5;10muse core::iter::Iterator;\u001b[0m\n\u001b[0m    \u001b[0m\u001b[0m\u001b[1m\u001b[38;5;12m|\u001b[0m\n\n"}
{"message":"aborting due to 4 previous errors","code":null,"level":"error","spans":[],"children":[],"rendered":"\u001b[0m\u001b[1m\u001b[38;5;9merror\u001b[0m\u001b[0m\u001b[1m: aborting due to 4 previous errors\u001b[0m\n\n"}
{"message":"Some errors have detailed explanations: E0463, E0599.","code":null,"level":"failure-note","spans":[],"children":[],"rendered":"\u001b[0m\u001b[1mSome errors have detailed explanations: E0463, E0599.\u001b[0m\n"}
{"message":"For more information about an error, try `rustc --explain E0463`.","code":null,"level":"failure-note","spans":[],"children":[],"rendered":"\u001b[0m\u001b[1mFor more information about an error, try `rustc --explain E0463`.\u001b[0m\n"}
